20:41:06 - Config - Event ID    = nsr
20:41:06 - Config - Division ID = ortberg
20:41:06 - Config - Event Type  = Championship
20:41:06 - Config - Server URL  = https://firstinspiresiowa.firebaseapp.com
20:41:06 - Config - Passphrase  = x
20:41:06 - Parsed Team - {"number":3507,"country":"","city":"Chicago","name":"RoboTheosis","state":"Illinois"}
20:41:06 - Parsed Team - {"number":3763,"country":"","city":"Edina","name":"Piece of Cake","state":"Minnesota"}
20:41:06 - Parsed Team - {"number":5040,"country":"","city":"Loveland","name":"Nuts & Bolts","state":"Ohio"}
20:41:06 - Parsed Team - {"number":5140,"country":"","city":"Troy","name":"WACO Aerobotics","state":"Ohio"}
20:41:06 - Parsed Team - {"number":5975,"country":"","city":"Denver","name":"CYBOTS","state":"Iowa"}
20:41:06 - Parsed Team - {"number":6287,"country":"","city":"Highland Park","name":"Vertigo","state":"Illinois"}
20:41:06 - Parsed Team - {"number":6596,"country":"","city":"Port Byron","name":"Robotic Rams","state":"Illinois"}
20:41:06 - Parsed Team - {"number":6931,"country":"","city":"Baden","name":"The Substantial Monocephalic BrainSTEM Robotics Team","state":"Pennsylvania"}
20:41:06 - Parsed Team - {"number":7023,"country":"","city":"Allendale","name":"HexaSonics","state":"Michigan"}
20:41:06 - Parsed Team - {"number":7048,"country":"","city":"Bloomfield Hills","name":"Purple Protons","state":"Michigan"}
20:41:06 - Parsed Team - {"number":7190,"country":"","city":"Lakeville","name":"Green Girls Robotics","state":"Minnesota"}
20:41:06 - Parsed Team - {"number":7693,"country":"","city":"Clarkston","name":"TECHNADOS","state":"Michigan"}
20:41:06 - Parsed Team - {"number":8133,"country":"","city":"Waterford","name":"Bionic Sailors","state":"Michigan"}
20:41:06 - Parsed Team - {"number":8533,"country":"","city":"Brighton","name":"CSPA Miners","state":"Michigan"}
20:41:06 - Parsed Team - {"number":8620,"country":"","city":"Edwardsville","name":"Wormgear Warriors","state":"Illinois"}
20:41:06 - Parsed Team - {"number":8646,"country":"","city":"Howell","name":"Team KAOS","state":"Michigan"}
20:41:06 - Parsed Team - {"number":8711,"country":"","city":"Elkhart","name":"The Gas Attendants","state":"Indiana"}
20:41:06 - Parsed Team - {"number":8749,"country":"","city":"La Porte City","name":"Robota White","state":"Iowa"}
20:41:06 - Parsed Team - {"number":8808,"country":"","city":"Saint Paul","name":"Ponytail Posse","state":"Minnesota"}
20:41:06 - Parsed Team - {"number":8813,"country":"","city":"Bettendorf","name":"The Winter Soldiers","state":"Iowa"}
20:41:06 - Parsed Team - {"number":8817,"country":"","city":"Crystal Lake","name":"Fruit Salad","state":"Illinois"}
20:41:06 - Parsed Team - {"number":9205,"country":"","city":"Apple Valley","name":"Iron Maidens","state":"Minnesota"}
20:41:06 - Parsed Team - {"number":9890,"country":"","city":"Minneapolis","name":"RUBIES","state":"Minnesota"}
20:41:06 - Parsed Team - {"number":9956,"country":"","city":"Hartland","name":"The Knack","state":"Wisconsin"}
20:41:06 - Parsed Team - {"number":9968,"country":"","city":"Cedar Falls","name":"CrossFire","state":"Iowa"}
20:41:06 - Parsed Team - {"number":9978,"country":"","city":"Sergeant Bluff","name":"Avengers Tech","state":"Iowa"}
20:41:06 - Parsed Team - {"number":10309,"country":"","city":"Midland","name":"TechnoHuskies","state":"Michigan"}
20:41:06 - Parsed Team - {"number":10435,"country":"","city":"Waukee","name":"Circuit Breakers","state":"Iowa"}
20:41:06 - Parsed Team - {"number":11190,"country":"","city":"Eden Prairie","name":"Mecha Dojo Robotics","state":"Minnesota"}
20:41:06 - Parsed Team - {"number":11872,"country":"","city":"Lakeville","name":"Visible Spectrum","state":"Minnesota"}
20:41:06 - Parsed Team - {"number":12231,"country":"","city":"Denver","name":"Warrior Tech","state":"Indiana"}
20:41:06 - Parsed Team - {"number":12528,"country":"","city":"Minneapolis","name":"NextGen","state":"Minnesota"}
20:41:06 - Parsed Team - {"number":12549,"country":"","city":"Troy","name":"Robo Rebels","state":"Michigan"}
20:41:06 - Parsed Team - {"number":12682,"country":"","city":"Cary","name":"The Golden Ratio","state":"Illinois"}
20:41:06 - Parsed Team - {"number":12835,"country":"","city":"Granger","name":"Pixelated","state":"Indiana"}
20:41:06 - Parsed Team - {"number":13178,"country":"","city":"Aberdeen","name":"Roncalli Robo-Cavs","state":"South Dakota"}
20:41:06 - Team List - [{"number":3507,"country":"","city":"Chicago","name":"RoboTheosis","state":"Illinois"},{"number":3763,"country":"","city":"Edina","name":"Piece of Cake","state":"Minnesota"},{"number":5040,"country":"","city":"Loveland","name":"Nuts & Bolts","state":"Ohio"},{"number":5140,"country":"","city":"Troy","name":"WACO Aerobotics","state":"Ohio"},{"number":5975,"country":"","city":"Denver","name":"CYBOTS","state":"Iowa"},{"number":6287,"country":"","city":"Highland Park","name":"Vertigo","state":"Illinois"},{"number":6596,"country":"","city":"Port Byron","name":"Robotic Rams","state":"Illinois"},{"number":6931,"country":"","city":"Baden","name":"The Substantial Monocephalic BrainSTEM Robotics Team","state":"Pennsylvania"},{"number":7023,"country":"","city":"Allendale","name":"HexaSonics","state":"Michigan"},{"number":7048,"country":"","city":"Bloomfield Hills","name":"Purple Protons","state":"Michigan"},{"number":7190,"country":"","city":"Lakeville","name":"Green Girls Robotics","state":"Minnesota"},{"number":7693,"country":"","city":"Clarkston","name":"TECHNADOS","state":"Michigan"},{"number":8133,"country":"","city":"Waterford","name":"Bionic Sailors","state":"Michigan"},{"number":8533,"country":"","city":"Brighton","name":"CSPA Miners","state":"Michigan"},{"number":8620,"country":"","city":"Edwardsville","name":"Wormgear Warriors","state":"Illinois"},{"number":8646,"country":"","city":"Howell","name":"Team KAOS","state":"Michigan"},{"number":8711,"country":"","city":"Elkhart","name":"The Gas Attendants","state":"Indiana"},{"number":8749,"country":"","city":"La Porte City","name":"Robota White","state":"Iowa"},{"number":8808,"country":"","city":"Saint Paul","name":"Ponytail Posse","state":"Minnesota"},{"number":8813,"country":"","city":"Bettendorf","name":"The Winter Soldiers","state":"Iowa"},{"number":8817,"country":"","city":"Crystal Lake","name":"Fruit Salad","state":"Illinois"},{"number":9205,"country":"","city":"Apple Valley","name":"Iron Maidens","state":"Minnesota"},{"number":9890,"country":"","city":"Minneapolis","name":"RUBIES","state":"Minnesota"},{"number":9956,"country":"","city":"Hartland","name":"The Knack","state":"Wisconsin"},{"number":9968,"country":"","city":"Cedar Falls","name":"CrossFire","state":"Iowa"},{"number":9978,"country":"","city":"Sergeant Bluff","name":"Avengers Tech","state":"Iowa"},{"number":10309,"country":"","city":"Midland","name":"TechnoHuskies","state":"Michigan"},{"number":10435,"country":"","city":"Waukee","name":"Circuit Breakers","state":"Iowa"},{"number":11190,"country":"","city":"Eden Prairie","name":"Mecha Dojo Robotics","state":"Minnesota"},{"number":11872,"country":"","city":"Lakeville","name":"Visible Spectrum","state":"Minnesota"},{"number":12231,"country":"","city":"Denver","name":"Warrior Tech","state":"Indiana"},{"number":12528,"country":"","city":"Minneapolis","name":"NextGen","state":"Minnesota"},{"number":12549,"country":"","city":"Troy","name":"Robo Rebels","state":"Michigan"},{"number":12682,"country":"","city":"Cary","name":"The Golden Ratio","state":"Illinois"},{"number":12835,"country":"","city":"Granger","name":"Pixelated","state":"Indiana"},{"number":13178,"country":"","city":"Aberdeen","name":"Roncalli Robo-Cavs","state":"South Dakota"}]
20:41:06 - DirWatcher - Watching for changed in the file C:\Users\FTC_IOWA\Desktop\NSR2018\.\teams.txt
20:41:06 - DirWatcher - Watching for changes in files in the directory .
20:41:06 - DirWatcher - Watching for changed in the file C:\Users\FTC_IOWA\Desktop\NSR2018\.\matches.txt
20:41:06 - DirWatcher - Watching for changed in the file C:\Users\FTC_IOWA\Desktop\NSR2018\.\DualDivision_matches.txt
20:41:06 - Parsed Award - {"winner":[0,0,0],"name":"Judge's Award","description":"The Judges Award is given at the discretion of the Judges to a Team they have encountered whose unique efforts, performance or dynamics merit recognition, yet the Team does not fit into any of the existing Award categories.","script":" ","order":false}
20:41:06 - Parsed Award - {"winner":" ","name":"Compass Award","description":"The Compass Award recognizes an adult coach or mentor who provided outstanding guidance and support for a FIRST Tech Challenge Team throughout the year. The winner of the Compass Award is determined from candidates nominated by FIRST Tech Challenge student Team members, via a 40-60 second video submission, highlighting how their mentor has helped them become an outstanding Team and truly demonstrated what it means to be a Gracious Professional.","script":" ","order":false}
20:41:06 - Parsed Award - {"winner":[0,0,0],"name":"Promote Award","description":"The Promote Award is given to the Team that is most successful in creating a compelling message for the public designed to change our culture and celebrate science, technology, engineering and math. The FIRST Tech Challenge Public Service Announcement Video was evaluated by the Judges to determine the winner of this Award. Teams must present a thoughtful and high-quality video which appeals to the general public and best exhibits this year's topic of \"This is how I plan to pay FIRST forward...\"","script":" ","order":false}
20:41:06 - Parsed Award - {"winner":[0,0,0],"name":"Control Award","description":"The Control Award is given to the Team that demonstrates innovative thinking in the control system to solve Game challenges such as Autonomous Operation, enhancing mechanical systems with intelligent control, or using sensors to achieve better results on the Field.","script":" ","order":false}
20:41:06 - Parsed Award - {"winner":[0,0,0],"name":"Motivate Award","description":"Next we have the Motivate Award. This Judged Award celebrates the Team that exemplifies the essence of the FIRST Tech Challenge competition and embraces the culture of FIRST while making a collective effort to make FIRST known throughout their school, and community and sparks others to embrace the culture of FIRST.","script":" ","order":false}
20:41:06 - Parsed Award - {"winner":[0,0,0],"name":"Design Award","description":"The intent of the Design Award is to expand on the challenge, inspiring Teams to incorporate industrial design into their robots. These elements can be shown in the simplicity of the design as it applies to the tasks, the look and feel of the robot, and how the design allows us to think of robots in new ways.  The Design aspect must serve a function - but they should also differentiate the robot in a unique fashion.","script":" ","order":false}
20:41:06 - Parsed Award - {"winner":[0,0,0],"name":"Rockwell Collins Innovate Award","description":"The Rockwell Collins Innovate Award celebrates a Team that has the ingenuity and inventiveness to make their designs come to life.  This Award is given to the Team that the Judges feel has the most Innovative and Creative Robot design solution to the FIRST Tech Challenge. Elements of this Award include elegant design, robustness and 'out of the box' thinking with regard to design. This Award may address the design of the whole robot or some sub-assembly component of the robot.  The creative component needs to work consistently, but a robot does not have to work all of the time during Matches to be considered for this Award.  The Team's Engineering Notebook showed the design of the component(s) and the Team's robot, and clearly explains how the Team arrived at","script":" ","order":false}
20:41:06 - Parsed Award - {"winner":[0,0,0],"name":"Connect Award","description":"Our next Award, The Connect Award, is presented to the Team that the Judges' feel most connected with their local community, FIRST and the business world. The best Team is more than the sum of its parts, and recognizes that their schools and communities play an essential part to their success.  The recipient of this Award is recognized for helping the community understand FIRST, the FIRST Tech Challenge, and the Team itself.  In addition, the Team that wins this Award is aggressively seeking engineers and exploring the opportunities available in the world of engineering, science and technology.","script":" ","order":false}
20:41:06 - Parsed Award - {"winner":[0,0,0],"name":"Think Award","description":"This judged award is given to the Team that best reflects the journey the Team took as they experienced the engineering design process during the build season.  The Engineering Notebook is the key reference for judges to help identify the most deserving Team. This Team's Engineering Notebook focused on the design and build stages of the Team's robot and exemplified their journey as a team and engineers.","script":" ","order":false}
20:41:06 - Parsed Award - {"winner":" ","name":"Dean's List Semi-Finalist Award","description":"FIRST Dean's List Finalists are outstanding student leaders whose passion for and effectiveness at attaining FIRST ideals is exemplary. These students were nominated by their teams for their direct contributions and impact on others -exemplifying leadership and commitment, on their FIRST Tech Challenge team, in their school, and in their community. FIRST Dean's List Semi-Finalists, recognized here today, will be considered within their state\/region for the two spots as Dean's List Finalists.","script":" ","order":false}
20:41:06 - Parsed Award - {"winner":" ","name":"Dean's List Finalist Award","description":"FIRST Dean's List Finalists are outstanding student leaders whose passion for and effectiveness at attaining FIRST ideals is exemplary. These students were nominated by their teams for their direct contributions and impact on others -exemplifying leadership and commitment, on their FIRST Tech Challenge team, in their school, and in their community. FIRST Dean's List Finalists, recognized here today, are also our nominees for the FIRST Dean's List at the Championship.","script":" ","order":false}
20:41:06 - Parsed Award - {"winner":[0,0,0],"name":"Inspire Award","description":"The Inspire Award is given to the Team that the Judges felt truly embodied the 'challenge' of the FIRST Tech Challenge program. The Team that receives this award is a strong ambassador for FIRST programs and works to promote FIRST and make it loud in their community. The Team that receives this Award has performed well in all Judging categories and was chosen by the Judges as a model FIRST Tech Challenge Team on and off the playing field.  The Judges used Match performance, observations made during interviews and in the pit area, the Team's Engineering Notebook, and performance on the playing field in determining the winner.","script":" ","order":true}
20:41:06 - Awards - [{"winner":[0,0,0],"name":"Judge's Award","description":"The Judges Award is given at the discretion of the Judges to a Team they have encountered whose unique efforts, performance or dynamics merit recognition, yet the Team does not fit into any of the existing Award categories.","script":" ","order":false},{"winner":" ","name":"Compass Award","description":"The Compass Award recognizes an adult coach or mentor who provided outstanding guidance and support for a FIRST Tech Challenge Team throughout the year. The winner of the Compass Award is determined from candidates nominated by FIRST Tech Challenge student Team members, via a 40-60 second video submission, highlighting how their mentor has helped them become an outstanding Team and truly demonstrated what it means to be a Gracious Professional.","script":" ","order":false},{"winner":[0,0,0],"name":"Promote Award","description":"The Promote Award is given to the Team that is most successful in creating a compelling message for the public designed to change our culture and celebrate science, technology, engineering and math. The FIRST Tech Challenge Public Service Announcement Video was evaluated by the Judges to determine the winner of this Award. Teams must present a thoughtful and high-quality video which appeals to the general public and best exhibits this year's topic of \"This is how I plan to pay FIRST forward...\"","script":" ","order":false},{"winner":[0,0,0],"name":"Control Award","description":"The Control Award is given to the Team that demonstrates innovative thinking in the control system to solve Game challenges such as Autonomous Operation, enhancing mechanical systems with intelligent control, or using sensors to achieve better results on the Field.","script":" ","order":false},{"winner":[0,0,0],"name":"Motivate Award","description":"Next we have the Motivate Award. This Judged Award celebrates the Team that exemplifies the essence of the FIRST Tech Challenge competition and embraces the culture of FIRST while making a collective effort to make FIRST known throughout their school, and community and sparks others to embrace the culture of FIRST.","script":" ","order":false},{"winner":[0,0,0],"name":"Design Award","description":"The intent of the Design Award is to expand on the challenge, inspiring Teams to incorporate industrial design into their robots. These elements can be shown in the simplicity of the design as it applies to the tasks, the look and feel of the robot, and how the design allows us to think of robots in new ways.  The Design aspect must serve a function - but they should also differentiate the robot in a unique fashion.","script":" ","order":false},{"winner":[0,0,0],"name":"Rockwell Collins Innovate Award","description":"The Rockwell Collins Innovate Award celebrates a Team that has the ingenuity and inventiveness to make their designs come to life.  This Award is given to the Team that the Judges feel has the most Innovative and Creative Robot design solution to the FIRST Tech Challenge. Elements of this Award include elegant design, robustness and 'out of the box' thinking with regard to design. This Award may address the design of the whole robot or some sub-assembly component of the robot.  The creative component needs to work consistently, but a robot does not have to work all of the time during Matches to be considered for this Award.  The Team's Engineering Notebook showed the design of the component(s) and the Team's robot, and clearly explains how the Team arrived at","script":" ","order":false},{"winner":[0,0,0],"name":"Connect Award","description":"Our next Award, The Connect Award, is presented to the Team that the Judges' feel most connected with their local community, FIRST and the business world. The best Team is more than the sum of its parts, and recognizes that their schools and communities play an essential part to their success.  The recipient of this Award is recognized for helping the community understand FIRST, the FIRST Tech Challenge, and the Team itself.  In addition, the Team that wins this Award is aggressively seeking engineers and exploring the opportunities available in the world of engineering, science and technology.","script":" ","order":false},{"winner":[0,0,0],"name":"Think Award","description":"This judged award is given to the Team that best reflects the journey the Team took as they experienced the engineering design process during the build season.  The Engineering Notebook is the key reference for judges to help identify the most deserving Team. This Team's Engineering Notebook focused on the design and build stages of the Team's robot and exemplified their journey as a team and engineers.","script":" ","order":false},{"winner":" ","name":"Dean's List Semi-Finalist Award","description":"FIRST Dean's List Finalists are outstanding student leaders whose passion for and effectiveness at attaining FIRST ideals is exemplary. These students were nominated by their teams for their direct contributions and impact on others -exemplifying leadership and commitment, on their FIRST Tech Challenge team, in their school, and in their community. FIRST Dean's List Semi-Finalists, recognized here today, will be considered within their state\/region for the two spots as Dean's List Finalists.","script":" ","order":false},{"winner":" ","name":"Dean's List Finalist Award","description":"FIRST Dean's List Finalists are outstanding student leaders whose passion for and effectiveness at attaining FIRST ideals is exemplary. These students were nominated by their teams for their direct contributions and impact on others -exemplifying leadership and commitment, on their FIRST Tech Challenge team, in their school, and in their community. FIRST Dean's List Finalists, recognized here today, are also our nominees for the FIRST Dean's List at the Championship.","script":" ","order":false},{"winner":[0,0,0],"name":"Inspire Award","description":"The Inspire Award is given to the Team that the Judges felt truly embodied the 'challenge' of the FIRST Tech Challenge program. The Team that receives this award is a strong ambassador for FIRST programs and works to promote FIRST and make it loud in their community. The Team that receives this Award has performed well in all Judging categories and was chosen by the Judges as a model FIRST Tech Challenge Team on and off the playing field.  The Judges used Match performance, observations made during interviews and in the pit area, the Team's Engineering Notebook, and performance on the playing field in determining the winner.","script":" ","order":true}]
20:41:06 - DirWatcher - Watching for changed in the file C:\Users\FTC_IOWA\Desktop\NSR2018\.\awards.txt
20:41:06 - DirWatcher - Watching for changes in files in the directory .\reports
20:41:06 - DirWatcher - Watching for changed in the file C:\Users\FTC_IOWA\Desktop\NSR2018\.\reports
20:41:06 - Parsed Ranking - {"highest":0,"rank":1,"team":9890,"matches":0,"rp":0,"qp":0}
20:41:06 - Parsed Ranking - {"highest":0,"rank":2,"team":8749,"matches":0,"rp":0,"qp":0}
20:41:06 - Parsed Ranking - {"highest":0,"rank":3,"team":12682,"matches":0,"rp":0,"qp":0}
20:41:06 - Parsed Ranking - {"highest":0,"rank":4,"team":5975,"matches":0,"rp":0,"qp":0}
20:41:06 - Parsed Ranking - {"highest":0,"rank":5,"team":11872,"matches":0,"rp":0,"qp":0}
20:41:06 - Parsed Ranking - {"highest":0,"rank":6,"team":12835,"matches":0,"rp":0,"qp":0}
20:41:06 - Parsed Ranking - {"highest":0,"rank":7,"team":10435,"matches":0,"rp":0,"qp":0}
20:41:06 - Parsed Ranking - {"highest":0,"rank":8,"team":9968,"matches":0,"rp":0,"qp":0}
20:41:06 - Parsed Ranking - {"highest":0,"rank":9,"team":8711,"matches":0,"rp":0,"qp":0}
20:41:06 - Parsed Ranking - {"highest":0,"rank":10,"team":13178,"matches":0,"rp":0,"qp":0}
20:41:06 - Parsed Ranking - {"highest":0,"rank":11,"team":6596,"matches":0,"rp":0,"qp":0}
20:41:06 - Parsed Ranking - {"highest":0,"rank":12,"team":6931,"matches":0,"rp":0,"qp":0}
20:41:06 - Parsed Ranking - {"highest":0,"rank":13,"team":8533,"matches":0,"rp":0,"qp":0}
20:41:06 - Parsed Ranking - {"highest":0,"rank":14,"team":12528,"matches":0,"rp":0,"qp":0}
20:41:06 - Parsed Ranking - {"highest":0,"rank":15,"team":5040,"matches":0,"rp":0,"qp":0}
20:41:06 - Parsed Ranking - {"highest":0,"rank":16,"team":7190,"matches":0,"rp":0,"qp":0}
20:41:06 - Parsed Ranking - {"highest":0,"rank":17,"team":8813,"matches":0,"rp":0,"qp":0}
20:41:06 - Parsed Ranking - {"highest":0,"rank":18,"team":6287,"matches":0,"rp":0,"qp":0}
20:41:06 - Parsed Ranking - {"highest":0,"rank":19,"team":3507,"matches":0,"rp":0,"qp":0}
20:41:06 - Parsed Ranking - {"highest":0,"rank":20,"team":8817,"matches":0,"rp":0,"qp":0}
20:41:06 - Parsed Ranking - {"highest":0,"rank":21,"team":12549,"matches":0,"rp":0,"qp":0}
20:41:06 - Parsed Ranking - {"highest":0,"rank":22,"team":12231,"matches":0,"rp":0,"qp":0}
20:41:06 - Parsed Ranking - {"highest":0,"rank":23,"team":8620,"matches":0,"rp":0,"qp":0}
20:41:06 - Parsed Ranking - {"highest":0,"rank":24,"team":9205,"matches":0,"rp":0,"qp":0}
20:41:06 - Parsed Ranking - {"highest":0,"rank":25,"team":7048,"matches":0,"rp":0,"qp":0}
20:41:06 - Parsed Ranking - {"highest":0,"rank":26,"team":8646,"matches":0,"rp":0,"qp":0}
20:41:06 - Parsed Ranking - {"highest":0,"rank":27,"team":9978,"matches":0,"rp":0,"qp":0}
20:41:06 - Parsed Ranking - {"highest":0,"rank":28,"team":10309,"matches":0,"rp":0,"qp":0}
20:41:06 - Parsed Ranking - {"highest":0,"rank":29,"tea